{"/Users/handong/backend/encryption/src/index.ts": {"path":"/Users/handong/backend/encryption/src/index.ts","statementMap":{"0":{"start":{"line":1,"column":0},"end":{"line":1,"column":32}},"1":{"start":{"line":2,"column":0},"end":{"line":2,"column":32}},"2":{"start":{"line":14,"column":13},"end":{"line":42,"column":null}},"3":{"start":{"line":17,"column":10},"end":{"line":17,"column":14}},"4":{"start":{"line":17,"column":16},"end":{"line":17,"column":24}},"5":{"start":{"line":18,"column":2},"end":{"line":18,"column":null}},"6":{"start":{"line":18,"column":13},"end":{"line":18,"column":null}},"7":{"start":{"line":20,"column":18},"end":{"line":31,"column":3}},"8":{"start":{"line":21,"column":4},"end":{"line":30,"column":null}},"9":{"start":{"line":24,"column":8},"end":{"line":24,"column":null}},"10":{"start":{"line":27,"column":8},"end":{"line":27,"column":null}},"11":{"start":{"line":29,"column":8},"end":{"line":29,"column":null}},"12":{"start":{"line":33,"column":23},"end":{"line":33,"column":36}},"13":{"start":{"line":34,"column":17},"end":{"line":34,"column":41}},"14":{"start":{"line":36,"column":2},"end":{"line":39,"column":null}},"15":{"start":{"line":38,"column":6},"end":{"line":38,"column":null}},"16":{"start":{"line":41,"column":2},"end":{"line":41,"column":null}},"17":{"start":{"line":44,"column":0},"end":{"line":44,"column":13}},"18":{"start":{"line":47,"column":2},"end":{"line":47,"column":14}},"19":{"start":{"line":55,"column":2},"end":{"line":66,"column":null}},"20":{"start":{"line":56,"column":22},"end":{"line":56,"column":35}},"21":{"start":{"line":57,"column":15},"end":{"line":57,"column":60}},"22":{"start":{"line":58,"column":19},"end":{"line":58,"column":67}},"23":{"start":{"line":59,"column":22},"end":{"line":62,"column":6}},"24":{"start":{"line":63,"column":16},"end":{"line":63,"column":35}},"25":{"start":{"line":65,"column":4},"end":{"line":65,"column":null}},"26":{"start":{"line":72,"column":2},"end":{"line":90,"column":null}},"27":{"start":{"line":73,"column":20},"end":{"line":73,"column":57}},"28":{"start":{"line":76,"column":15},"end":{"line":76,"column":35}},"29":{"start":{"line":77,"column":16},"end":{"line":77,"column":37}},"30":{"start":{"line":78,"column":17},"end":{"line":78,"column":38}},"31":{"start":{"line":81,"column":22},"end":{"line":81,"column":35}},"32":{"start":{"line":82,"column":21},"end":{"line":82,"column":71}},"33":{"start":{"line":83,"column":4},"end":{"line":83,"column":null}},"34":{"start":{"line":87,"column":6},"end":{"line":87,"column":70}},"35":{"start":{"line":89,"column":4},"end":{"line":89,"column":null}},"36":{"start":{"line":48,"column":4},"end":{"line":48,"column":null}},"37":{"start":{"line":91,"column":0},"end":{"line":91,"column":null}},"38":{"start":{"line":44,"column":13},"end":{"line":44,"column":16}},"39":{"start":{"line":93,"column":0},"end":{"line":93,"column":13}},"40":{"start":{"line":96,"column":2},"end":{"line":96,"column":14}},"41":{"start":{"line":104,"column":2},"end":{"line":112,"column":null}},"42":{"start":{"line":105,"column":21},"end":{"line":105,"column":29}},"43":{"start":{"line":106,"column":22},"end":{"line":106,"column":30}},"44":{"start":{"line":108,"column":4},"end":{"line":111,"column":null}},"45":{"start":{"line":97,"column":4},"end":{"line":97,"column":null}},"46":{"start":{"line":113,"column":0},"end":{"line":113,"column":null}},"47":{"start":{"line":93,"column":13},"end":{"line":93,"column":16}},"48":{"start":{"line":115,"column":0},"end":{"line":115,"column":13}},"49":{"start":{"line":121,"column":2},"end":{"line":121,"column":14}},"50":{"start":{"line":132,"column":2},"end":{"line":141,"column":null}},"51":{"start":{"line":133,"column":4},"end":{"line":135,"column":null}},"52":{"start":{"line":134,"column":6},"end":{"line":134,"column":null}},"53":{"start":{"line":137,"column":18},"end":{"line":137,"column":35}},"54":{"start":{"line":138,"column":21},"end":{"line":138,"column":44}},"55":{"start":{"line":140,"column":4},"end":{"line":140,"column":null}},"56":{"start":{"line":148,"column":2},"end":{"line":153,"column":null}},"57":{"start":{"line":149,"column":18},"end":{"line":149,"column":35}},"58":{"start":{"line":150,"column":20},"end":{"line":150,"column":43}},"59":{"start":{"line":152,"column":4},"end":{"line":152,"column":null}},"60":{"start":{"line":122,"column":4},"end":{"line":122,"column":null}},"61":{"start":{"line":123,"column":4},"end":{"line":123,"column":null}},"62":{"start":{"line":125,"column":4},"end":{"line":125,"column":null}},"63":{"start":{"line":154,"column":0},"end":{"line":154,"column":null}},"64":{"start":{"line":115,"column":13},"end":{"line":115,"column":19}}},"fnMap":{"0":{"name":"(anonymous_1)","decl":{"start":{"line":14,"column":35},"end":{"line":14,"column":null}},"loc":{"start":{"line":15,"column":28},"end":{"line":42,"column":1}}},"1":{"name":"(anonymous_2)","decl":{"start":{"line":20,"column":18},"end":{"line":20,"column":19}},"loc":{"start":{"line":20,"column":31},"end":{"line":31,"column":3}}},"2":{"name":"(anonymous_3)","decl":{"start":{"line":44,"column":0},"end":{"line":44,"column":13}},"loc":{"start":{"line":44,"column":0},"end":{"line":91,"column":null}}},"3":{"name":"AES","decl":{"start":{"line":47,"column":2},"end":{"line":47,"column":14}},"loc":{"start":{"line":47,"column":28},"end":{"line":49,"column":3}}},"4":{"name":"(anonymous_5)","decl":{"start":{"line":55,"column":12},"end":{"line":55,"column":13}},"loc":{"start":{"line":55,"column":25},"end":{"line":66,"column":3}}},"5":{"name":"(anonymous_6)","decl":{"start":{"line":72,"column":12},"end":{"line":72,"column":13}},"loc":{"start":{"line":72,"column":30},"end":{"line":90,"column":3}}},"6":{"name":"(anonymous_7)","decl":{"start":{"line":93,"column":0},"end":{"line":93,"column":13}},"loc":{"start":{"line":93,"column":0},"end":{"line":113,"column":null}}},"7":{"name":"SHA","decl":{"start":{"line":96,"column":2},"end":{"line":96,"column":14}},"loc":{"start":{"line":96,"column":28},"end":{"line":98,"column":3}}},"8":{"name":"(anonymous_9)","decl":{"start":{"line":104,"column":12},"end":{"line":104,"column":13}},"loc":{"start":{"line":104,"column":25},"end":{"line":112,"column":3}}},"9":{"name":"(anonymous_10)","decl":{"start":{"line":115,"column":0},"end":{"line":115,"column":13}},"loc":{"start":{"line":115,"column":0},"end":{"line":154,"column":null}}},"10":{"name":"Argon2","decl":{"start":{"line":121,"column":2},"end":{"line":121,"column":14}},"loc":{"start":{"line":121,"column":42},"end":{"line":126,"column":3}}},"11":{"name":"(anonymous_12)","decl":{"start":{"line":132,"column":12},"end":{"line":132,"column":13}},"loc":{"start":{"line":132,"column":25},"end":{"line":141,"column":3}}},"12":{"name":"(anonymous_13)","decl":{"start":{"line":148,"column":10},"end":{"line":148,"column":11}},"loc":{"start":{"line":148,"column":37},"end":{"line":153,"column":3}}}},"branchMap":{"0":{"loc":{"start":{"line":18,"column":2},"end":{"line":18,"column":null}},"type":"if","locations":[{"start":{"line":18,"column":2},"end":{"line":18,"column":null}},{"start":{"line":18,"column":2},"end":{"line":18,"column":null}}]},"1":{"loc":{"start":{"line":23,"column":6},"end":{"line":24,"column":null}},"type":"switch","locations":[{"start":{"line":23,"column":6},"end":{"line":24,"column":null}},{"start":{"line":26,"column":6},"end":{"line":27,"column":null}},{"start":{"line":28,"column":6},"end":{"line":29,"column":null}}]},"2":{"loc":{"start":{"line":37,"column":4},"end":{"line":38,"column":null}},"type":"switch","locations":[{"start":{"line":37,"column":4},"end":{"line":38,"column":null}}]},"3":{"loc":{"start":{"line":133,"column":4},"end":{"line":135,"column":null}},"type":"if","locations":[{"start":{"line":133,"column":4},"end":{"line":135,"column":null}},{"start":{"line":133,"column":4},"end":{"line":135,"column":null}}]}},"s":{"0":4,"1":4,"2":4,"3":8,"4":8,"5":8,"6":0,"7":8,"8":8,"9":2,"10":6,"11":0,"12":8,"13":8,"14":8,"15":5,"16":3,"17":4,"18":1,"19":1,"20":1,"21":1,"22":1,"23":1,"24":1,"25":1,"26":1,"27":1,"28":1,"29":1,"30":1,"31":1,"32":1,"33":1,"34":1,"35":1,"36":1,"37":4,"38":4,"39":4,"40":2,"41":2,"42":5,"43":5,"44":5,"45":2,"46":4,"47":4,"48":4,"49":1,"50":1,"51":1,"52":0,"53":1,"54":1,"55":1,"56":1,"57":1,"58":1,"59":1,"60":1,"61":1,"62":1,"63":4,"64":4},"f":{"0":8,"1":8,"2":4,"3":1,"4":1,"5":1,"6":4,"7":2,"8":5,"9":4,"10":1,"11":1,"12":1},"b":{"0":[0,8],"1":[2,6,0],"2":[5],"3":[0,1]}}
}
