TN:
SF:src/index.ts
FN:14,(anonymous_1)
FN:20,(anonymous_2)
FN:44,(anonymous_3)
FN:47,AES
FN:55,(anonymous_5)
FN:72,(anonymous_6)
FN:93,(anonymous_7)
FN:96,SHA
FN:104,(anonymous_9)
FN:115,(anonymous_10)
FN:121,Argon2
FN:132,(anonymous_12)
FN:148,(anonymous_13)
FNF:13
FNH:13
FNDA:8,(anonymous_1)
FNDA:8,(anonymous_2)
FNDA:4,(anonymous_3)
FNDA:1,AES
FNDA:1,(anonymous_5)
FNDA:1,(anonymous_6)
FNDA:4,(anonymous_7)
FNDA:2,SHA
FNDA:5,(anonymous_9)
FNDA:4,(anonymous_10)
FNDA:1,Argon2
FNDA:1,(anonymous_12)
FNDA:1,(anonymous_13)
DA:1,4
DA:2,4
DA:14,4
DA:17,8
DA:18,8
DA:20,8
DA:21,8
DA:24,2
DA:27,6
DA:29,0
DA:33,8
DA:34,8
DA:36,8
DA:38,5
DA:41,3
DA:44,4
DA:47,1
DA:48,1
DA:55,1
DA:56,1
DA:57,1
DA:58,1
DA:59,1
DA:63,1
DA:65,1
DA:72,1
DA:73,1
DA:76,1
DA:77,1
DA:78,1
DA:81,1
DA:82,1
DA:83,1
DA:87,1
DA:89,1
DA:91,4
DA:93,4
DA:96,2
DA:97,2
DA:104,2
DA:105,5
DA:106,5
DA:108,5
DA:113,4
DA:115,4
DA:121,1
DA:122,1
DA:123,1
DA:125,1
DA:132,1
DA:133,1
DA:134,0
DA:137,1
DA:138,1
DA:140,1
DA:148,1
DA:149,1
DA:150,1
DA:152,1
DA:154,4
LF:60
LH:58
BRDA:18,0,0,0
BRDA:18,0,1,8
BRDA:23,1,0,2
BRDA:23,1,1,6
BRDA:23,1,2,0
BRDA:37,2,0,5
BRDA:133,3,0,0
BRDA:133,3,1,1
BRF:8
BRH:5
end_of_record
